
Processing a1_getScalingFactors.C+(11,100,110,0,40,5,"SR")...
###########################################################################
Statisitcs for 11 : pt=40 ECalo=5
Signal region          = 1
Control region         = 3451
Purity in CR           = 100.00%
scaling factor         = 2.90e-04 + 3.94e-04 - 1.79e-04
###########################################################################
(int)0

Processing a1a_makeTemplates.C+(11,100,110,40,5,0.3,"SR")...
histoName = lepton_bkg_data_Iascut_0p30
Entries: 93
2nd bin: 1.74651 +/- 1.74651
(int)0

Processing a2_getLeptonPrediction.C+(11,100,110,40,0.3,0,5,"SR")...

Get leptonic bkg prediction in SR.
scaling factor         = 2.898e-04 + 3.940e-04 - 1.792e-04
Data Yield (CR)        = 27069.000
nSRInclusive  (11)     = 7.844 + 10.666 - 4.850
Ias template from : templates/IasTemplate_METGt100_JetPtGt110_trackPtGt40_ECaloEq5_pdgId11.root
histogram         = lepton_bkg_data_Iascut_0p30
histoIas->GetBinContent(1) = 0.980
histoIas->GetBinContent(2) = 0.020
nEntries = 93
Ias = 0.020 +/- 0.020
###########################################################################
Statisitcs for 11 : pt=40.00 ECalo=5.00
NEntries in Ias histo  = 93.00
NEntries in high Ias = 1.82 +/- 0.02
###########################################################################
nSR  (11)             = 0.15 + 0.24 - 0.12
(int)0
