
Processing a1_getScalingFactors.C+(13,100,110,1,40,5,"SR")...
###########################################################################
Statisitcs for 13 : pt=40 ECalo=5
Signal region          = 2
Control region         = 9215
Purity in CR           = 100.00%
scaling factor         = 2.17e-04 + 1.65e-04 - 9.28e-05
###########################################################################
(int)0

Processing a1a_makeTemplates.C+(13,100,110,40,5,0.3,"SR")...
histoName = lepton_bkg_data_Iascut_0p30
Entries: 28
2nd bin: 0 +/- 0
(int)0

Processing a2_getLeptonPrediction.C+(13,100,110,40,0.3,1,5,"SR")...

Get leptonic bkg prediction in SR.
scaling factor         = 2.170e-04 + 1.649e-04 - 9.282e-05
Data Yield (CR)        = 44534.000
nSRInclusive  (13)     = 9.666 + 7.342 - 4.133
Ias template from : templates/IasTemplate_METGt100_JetPtGt110_trackPtGt40_ECaloEq5_pdgId13.root
histogram         = lepton_bkg_data_Iascut_0p30
histoIas->GetBinContent(1) = 1.000
histoIas->GetBinContent(2) = 0.000
nEntries = 28
Upper limit = 1.148
IasErrUp = 0.041
Ias = 0.000 +/- 0.000
###########################################################################
Statisitcs for 13 : pt=40.00 ECalo=5.00
NEntries in Ias histo  = 28.00
NEntries in high Ias = 0.00 +/- 0.00
###########################################################################
nSR  (13)             = 0.00 + 0.40 - 0.00
(int)0
